{"level":"info","message":"Hello from Acuisitions!","service":"acquisitions-api"}
{"level":"info","message":"::1 - - [28/Oct/2025:15:57:02 +0000] \"GET / HTTP/1.1\" 200 24 \"-\" \"Mozilla/5.0 (Windows NT 10.0; Win64; x64) AppleWebKit/537.36 (KHTML, like Gecko) Chrome/141.0.0.0 Safari/537.36 Edg/141.0.0.0\"","service":"acquisitions-api"}
{"level":"info","message":"::1 - - [28/Oct/2025:15:57:02 +0000] \"GET /favicon.ico HTTP/1.1\" 404 150 \"-\" \"Mozilla/5.0 (Windows NT 10.0; Win64; x64) AppleWebKit/537.36 (KHTML, like Gecko) Chrome/141.0.0.0 Safari/537.36 Edg/141.0.0.0\"","service":"acquisitions-api"}
{"level":"info","message":"Hello from Acuisitions!","service":"acquisitions-api"}
{"level":"info","message":"::1 - - [28/Oct/2025:16:15:35 +0000] \"GET / HTTP/1.1\" 200 24 \"-\" \"PostmanRuntime/7.49.0\"","service":"acquisitions-api"}
{"level":"info","message":"::1 - - [28/Oct/2025:16:16:01 +0000] \"GET /api HTTP/1.1\" 200 42 \"-\" \"PostmanRuntime/7.49.0\"","service":"acquisitions-api"}
{"level":"info","message":"::1 - - [28/Oct/2025:16:16:21 +0000] \"GET /health HTTP/1.1\" 200 75 \"-\" \"PostmanRuntime/7.49.0\"","service":"acquisitions-api"}
{"level":"info","message":"::1 - - [28/Oct/2025:16:17:30 +0000] \"POST /api/auth/sign-in HTTP/1.1\" 200 31 \"-\" \"PostmanRuntime/7.49.0\"","service":"acquisitions-api"}
{"level":"info","message":"::1 - - [28/Oct/2025:16:54:41 +0000] \"POST /api/auth/sign-up HTTP/1.1\" 200 31 \"-\" \"PostmanRuntime/7.49.0\"","service":"acquisitions-api"}
{"level":"info","message":"::1 - - [28/Oct/2025:17:00:32 +0000] \"POST /api/auth/sign-up HTTP/1.1\" 400 92 \"-\" \"PostmanRuntime/7.49.0\"","service":"acquisitions-api"}
{"level":"info","message":"::1 - - [28/Oct/2025:17:02:37 +0000] \"POST /api/auth/sign-up HTTP/1.1\" 400 196 \"-\" \"PostmanRuntime/7.49.0\"","service":"acquisitions-api"}
{"level":"info","message":"User registered successfully: ranii@gmail.com","service":"acquisitions-api"}
{"level":"info","message":"::1 - - [28/Oct/2025:17:03:03 +0000] \"POST /api/auth/sign-up HTTP/1.1\" 201 100 \"-\" \"PostmanRuntime/7.49.0\"","service":"acquisitions-api"}
{"level":"info","message":"::1 - - [28/Oct/2025:23:37:30 +0000] \"POST /api/auth/sign-up HTTP/1.1\" 400 92 \"-\" \"PostmanRuntime/7.49.0\"","service":"acquisitions-api"}
{"level":"info","message":"::1 - - [28/Oct/2025:23:37:49 +0000] \"POST /api/auth/sign-up HTTP/1.1\" 400 92 \"-\" \"PostmanRuntime/7.49.0\"","service":"acquisitions-api"}
{"level":"error","message":"Error creating the user: Error: Failed query: select \"id\", \"name\", \"email\", \"password\", \"role\", \"created_at\", \"updated_at\" from \"users\" where \"users\".\"email\" = $1 limit $2\nparams: ramzii2525@gmail.com,1","service":"acquisitions-api"}
{"cause":{"name":"NeonDbError","sourceError":{}},"level":"error","message":"Signup error Failed query: select \"id\", \"name\", \"email\", \"password\", \"role\", \"created_at\", \"updated_at\" from \"users\" where \"users\".\"email\" = $1 limit $2\nparams: ramzii2525@gmail.com,1","params":["ramzii2525@gmail.com",1],"query":"select \"id\", \"name\", \"email\", \"password\", \"role\", \"created_at\", \"updated_at\" from \"users\" where \"users\".\"email\" = $1 limit $2","service":"acquisitions-api","stack":"Error: Failed query: select \"id\", \"name\", \"email\", \"password\", \"role\", \"created_at\", \"updated_at\" from \"users\" where \"users\".\"email\" = $1 limit $2\nparams: ramzii2525@gmail.com,1\n    at NeonHttpPreparedQuery.queryWithCache (file:///D:/Project/DevOps/Acquisitions/acquisitions/node_modules/drizzle-orm/pg-core/session.js:41:15)\n    at process.processTicksAndRejections (node:internal/process/task_queues:105:5)\n    at async NeonHttpPreparedQuery.execute (file:///D:/Project/DevOps/Acquisitions/acquisitions/node_modules/drizzle-orm/neon-http/session.js:45:20)\n    at async createUser (file:///D:/Project/DevOps/Acquisitions/acquisitions/src/services/auth.service.js:20:26)\n    at async signup (file:///D:/Project/DevOps/Acquisitions/acquisitions/src/controllers/auth.controller.js:21:18)"}
{"level":"info","message":"::1 - - [28/Oct/2025:23:38:09 +0000] \"POST /api/auth/sign-up HTTP/1.1\" 500 1080 \"-\" \"PostmanRuntime/7.49.0\"","service":"acquisitions-api"}
{"level":"error","message":"Error creating the user: Error: Failed query: select \"id\", \"name\", \"email\", \"password\", \"role\", \"created_at\", \"updated_at\" from \"users\" where \"users\".\"email\" = $1 limit $2\nparams: ramzii2525@gmail.com,1","service":"acquisitions-api"}
{"cause":{"name":"NeonDbError","sourceError":{}},"level":"error","message":"Signup error Failed query: select \"id\", \"name\", \"email\", \"password\", \"role\", \"created_at\", \"updated_at\" from \"users\" where \"users\".\"email\" = $1 limit $2\nparams: ramzii2525@gmail.com,1","params":["ramzii2525@gmail.com",1],"query":"select \"id\", \"name\", \"email\", \"password\", \"role\", \"created_at\", \"updated_at\" from \"users\" where \"users\".\"email\" = $1 limit $2","service":"acquisitions-api","stack":"Error: Failed query: select \"id\", \"name\", \"email\", \"password\", \"role\", \"created_at\", \"updated_at\" from \"users\" where \"users\".\"email\" = $1 limit $2\nparams: ramzii2525@gmail.com,1\n    at NeonHttpPreparedQuery.queryWithCache (file:///D:/Project/DevOps/Acquisitions/acquisitions/node_modules/drizzle-orm/pg-core/session.js:41:15)\n    at process.processTicksAndRejections (node:internal/process/task_queues:105:5)\n    at async NeonHttpPreparedQuery.execute (file:///D:/Project/DevOps/Acquisitions/acquisitions/node_modules/drizzle-orm/neon-http/session.js:45:20)\n    at async createUser (file:///D:/Project/DevOps/Acquisitions/acquisitions/src/services/auth.service.js:20:26)\n    at async signup (file:///D:/Project/DevOps/Acquisitions/acquisitions/src/controllers/auth.controller.js:20:18)"}
{"level":"info","message":"::1 - - [28/Oct/2025:23:40:57 +0000] \"POST /api/auth/sign-up HTTP/1.1\" 500 1080 \"-\" \"PostmanRuntime/7.49.0\"","service":"acquisitions-api"}
